<?xml version="1.0" encoding="UTF-8"?>
<testng-results ignored="0" total="1" passed="1" failed="0" skipped="0">
  <reporter-output>
  </reporter-output>
  <suite started-at="2025-07-04T20:30:26 IST" name="Default suite" finished-at="2025-07-04T20:30:38 IST" duration-ms="11679">
    <groups>
    </groups>
    <test started-at="2025-07-04T20:30:26 IST" name="Default test" finished-at="2025-07-04T20:30:38 IST" duration-ms="11679">
      <class name="testCases.TC_001_RegistrationTest">
        <test-method is-config="true" signature="setup()[pri:0, instance:testCases.TC_001_RegistrationTest@62ddbd7e]" started-at="2025-07-04T20:30:26 IST" name="setup" finished-at="2025-07-04T20:30:30 IST" duration-ms="3977" status="PASS">
          <reporter-output>
          </reporter-output>
        </test-method> <!-- setup -->
        <test-method signature="test_001()[pri:0, instance:testCases.TC_001_RegistrationTest@62ddbd7e]" started-at="2025-07-04T20:30:30 IST" name="test_001" finished-at="2025-07-04T20:30:32 IST" duration-ms="2256" status="PASS">
          <reporter-output>
          </reporter-output>
        </test-method> <!-- test_001 -->
        <test-method is-config="true" signature="teardown()[pri:0, instance:testCases.TC_001_RegistrationTest@62ddbd7e]" started-at="2025-07-04T20:30:32 IST" name="teardown" finished-at="2025-07-04T20:30:38 IST" duration-ms="5400" status="PASS">
          <reporter-output>
          </reporter-output>
        </test-method> <!-- teardown -->
      </class> <!-- testCases.TC_001_RegistrationTest -->
    </test> <!-- Default test -->
  </suite> <!-- Default suite -->
</testng-results>
